======================================================================
ERROR: test_requests (NOP_SC3.NOPCommerceTest)
----------------------------------------------------------------------
Traceback (most recent call last):
  File "/Users/chefe02/Desktop/presales_cert/NOP_SC3.py", line 71, in test_requests
    wait.until(EC.elementToBeClickable(By.LINK_TEXT, _tpl.apply(u'Accessories')))
NameError: global name 'wait' is not defined

----------------------------------------------------------------------
Ran 1 test in 34.576s

FAILED (errors=1)
======================================================================
ERROR: test_requests (NOP_SC3.NOPCommerceTest)
----------------------------------------------------------------------
Traceback (most recent call last):
  File "/Users/chefe02/Desktop/presales_cert/NOP_SC3.py", line 71, in test_requests
    wait.until(EC.elementToBeClickable(By.LINK_TEXT, _tpl.apply(u'Accessories')))
NameError: global name 'wait' is not defined

----------------------------------------------------------------------
Ran 1 test in 49.628s

FAILED (errors=1)
======================================================================
ERROR: test_requests (NOP_SC3.NOPCommerceTest)
----------------------------------------------------------------------
Traceback (most recent call last):
  File "/Users/chefe02/Desktop/presales_cert/NOP_SC3.py", line 71, in test_requests
    wait.until(EC.elementToBeClickable(By.LINK_TEXT, _tpl.apply(u'Accessories')))
NameError: global name 'wait' is not defined

----------------------------------------------------------------------
Ran 1 test in 31.478s

FAILED (errors=1)
